cstrike\cs_747.wad,0,12
cstrike\cs_747.wad,6264,38212
cstrike\cs_747.wad,44476,28012
cstrike\cs_747.wad,123884,1492
cstrike\cs_747.wad,163588,2172
cstrike\cs_747.wad,165760,44332
cstrike\cs_747.wad,254424,6252
cstrike\cs_747.wad,260676,2172
cstrike\cs_747.wad,295468,44332
cstrike\cs_747.wad,351492,44332
cstrike\cs_747.wad,407516,44332
cstrike\cs_747.wad,475232,11692
cstrike\cs_747.wad,486924,44332
cstrike\cs_747.wad,704484,44332
cstrike\cs_747.wad,749968,87852
cstrike\cs_747.wad,844072,87852
cstrike\cs_747.wad,966528,44332
cstrike\cs_747.wad,1045464,66092
cstrike\cs_747.wad,1167580,87852
cstrike\cs_747.wad,1278004,8972
cstrike\cs_747.wad,1374828,44332
cstrike\cs_747.wad,1532020,6252
cstrike\cs_747.wad,1734772,22572
cstrike\cs_747.wad,1780388,17132
cstrike\cs_747.wad,1797520,11692
cstrike\cs_747.wad,1969444,1492
cstrike\cs_747.wad,2002328,2172
cstrike\cs_747.wad,2104856,2172
cstrike\cs_747.wad,2216620,6252
cstrike\cs_747.wad,2245444,22572
cstrike\cs_747.wad,2292760,2172
cstrike\cs_747.wad,2564548,11692
cstrike\cs_747.wad,2623820,11692
cstrike\cs_747.wad,2819336,87852
cstrike\cs_747.wad,2907188,32
cstrike\cstrike.wad,1306352,22572
cstrike\cstrike.wad,1493992,22572
cstrike\cstrike.wad,1539136,22572
cstrike\cstrike.wad,1561708,13052
cstrike\cstrike.wad,2327136,33452
cstrike\cstrike.wad,2383160,22572
cstrike\cstrike.wad,2405732,22572
cstrike\gfx\env\backalleybk.tga
cstrike\gfx\env\backalleydn.tga
cstrike\gfx\env\backalleyft.tga
cstrike\gfx\env\backalleylf.tga
cstrike\gfx\env\backalleyrt.tga
cstrike\gfx\env\backalleyup.tga
cstrike\maps\cs_747.bsp
cstrike\maps\cs_747.txt
cstrike\overviews\cs_747.bmp
cstrike\overviews\cs_747.txt
cstrike\sound\ambience\dog3.wav
cstrike\sound\misc\plane_drone.wav
cstrike\sound\radio\terwin.wav
valve\halflife.wad,95000,1492
valve\halflife.wad,240136,8972
valve\halflife.wad,414796,6932
valve\halflife.wad,558532,17132
valve\halflife.wad,608320,1152
valve\halflife.wad,810008,6932
valve\halflife.wad,868296,17132
valve\halflife.wad,1053476,6932
valve\halflife.wad,1090440,17132
valve\halflife.wad,1164708,6932
valve\halflife.wad,1389004,1492
valve\halflife.wad,1442532,8972
valve\halflife.wad,1592392,6932
valve\halflife.wad,1701752,17132
valve\halflife.wad,1740132,1152
valve\halflife.wad,2880528,22572
valve\halflife.wad,4396848,22572
valve\halflife.wad,5756052,22572
valve\halflife.wad,6561972,22572
valve\halflife.wad,7483716,17132
valve\halflife.wad,8448128,10332
valve\halflife.wad,10491320,6252
valve\halflife.wad,11096544,22572
valve\halflife.wad,14374104,6252
valve\halflife.wad,14380356,6252
valve\halflife.wad,17089672,6252
valve\halflife.wad,17154460,6252
valve\halflife.wad,19402172,2172
valve\halflife.wad,19739632,6252
valve\halflife.wad,19757028,6252
valve\halflife.wad,19789232,4892
valve\halflife.wad,20472356,6252
valve\halflife.wad,20522372,1492
valve\halflife.wad,20537860,9312
valve\halflife.wad,20635456,4892
valve\halflife.wad,20725780,6252
valve\halflife.wad,20743724,2172
valve\halflife.wad,21483580,6252
valve\halflife.wad,21544060,2852
valve\halflife.wad,22707948,1492
valve\halflife.wad,22762328,6252
valve\halflife.wad,22831232,2172
valve\halflife.wad,22833404,22572
valve\halflife.wad,24061436,6252
valve\halflife.wad,24424948,13052
valve\halflife.wad,24442892,2172
valve\halflife.wad,24700696,8972
valve\halflife.wad,25488404,3532
valve\halflife.wad,26123416,2172
valve\halflife.wad,26162552,2852
valve\halflife.wad,26471192,22572
valve\halflife.wad,26687636,22572
valve\halflife.wad,27255448,3532
valve\halflife.wad,27966904,7612
valve\halflife.wad,27987020,7612
valve\halflife.wad,28173448,8972
valve\halflife.wad,30609432,1152
valve\halflife.wad,30937076,11692
valve\halflife.wad,31940920,6252
valve\halflife.wad,31985516,49772
valve\halflife.wad,33640732,3532
valve\halflife.wad,33971208,22572
valve\halflife.wad,34238256,22572
valve\halflife.wad,35499508,28012
valve\halflife.wad,35527520,28012
valve\halflife.wad,36083864,6252
valve\halflife.wad,36881000,2172
valve\halflife.wad,36916208,7612
valve\halflife.wad,36923820,7612
valve\halflife.wad,36990496,11012
valve\halflife.wad,37034128,3872
valve\halflife.wad,37072716,10332
valve\halflife.wad,37092832,4892
valve\halflife.wad,37099896,66092
valve\halflife.wad,37351852,13052
valve\halflife.wad,37777536,2172
valve\halflife.wad,37798916,2172
valve\liquids.wad,0,12
valve\liquids.wad,474796,32
valve\sound\ambience\computalk2.wav
valve\sound\ambience\jetflyby1.wav
valve\sound\ambience\mechwhine.wav
valve\sound\buttons\spark1.wav
valve\sound\buttons\spark2.wav
valve\sound\buttons\spark3.wav
valve\sound\buttons\spark4.wav
valve\sound\doors\doormove4.wav
valve\sound\doors\doorstop6.wav
