cstrike\cs_assault.wad,0,12
cstrike\cs_assault.wad,22584,22572
cstrike\cs_assault.wad,45156,22572
cstrike\cs_assault.wad,90300,22572
cstrike\cs_assault.wad,112872,22572
cstrike\cs_assault.wad,158016,22572
cstrike\cs_assault.wad,192280,66092
cstrike\cs_assault.wad,258372,17132
cstrike\cs_assault.wad,293448,22572
cstrike\cs_assault.wad,316020,22572
cstrike\cs_assault.wad,338592,55212
cstrike\cs_assault.wad,405420,22572
cstrike\cs_assault.wad,427992,44332
cstrike\cs_assault.wad,516656,32
cstrike\decals.wad,648548,6252
cstrike\cs_bdog.wad,517868,87852
cstrike\cs_bdog.wad,2762804,87852
cstrike\gfx\env\city1bk.tga
cstrike\gfx\env\city1dn.tga
cstrike\gfx\env\city1ft.tga
cstrike\gfx\env\city1lf.tga
cstrike\gfx\env\city1rt.tga
cstrike\gfx\env\city1up.tga
cstrike\maps\cs_assault.bsp
cstrike\maps\cs_assault.txt
cstrike\overviews\cs_assault.bmp
cstrike\overviews\cs_assault.txt
cstrike\decals.wad,648548,6252
valve\halflife.wad,21591336,2172
valve\halflife.wad,36759680,5912
valve\halflife.wad,27812888,6252
valve\halflife.wad,29265948,28352
valve\halflife.wad,220700,8972
valve\halflife.wad,450948,2172
valve\halflife.wad,606016,1152
valve\halflife.wad,744976,8972
valve\halflife.wad,991976,8972
valve\halflife.wad,1610128,2172
valve\halflife.wad,1737828,1152
valve\halflife.wad,1868668,6252
valve\halflife.wad,1897756,2172
valve\halflife.wad,2583032,3872
valve\halflife.wad,2773864,28012
valve\halflife.wad,3286956,6932
valve\halflife.wad,3402120,6252
valve\halflife.wad,4099352,3872
valve\halflife.wad,4290184,28012
valve\halflife.wad,4803276,6932
valve\halflife.wad,4918440,6252
valve\halflife.wad,4947528,2172
valve\halflife.wad,5483848,3872
valve\halflife.wad,5649388,28012
valve\halflife.wad,6126308,6932
valve\halflife.wad,6732480,6932
valve\halflife.wad,6881152,6932
valve\halflife.wad,7595100,2512
valve\halflife.wad,8912092,22572
valve\halflife.wad,8979808,6252
valve\halflife.wad,9041272,55212
valve\halflife.wad,9179708,28012
valve\halflife.wad,9303448,55212
valve\halflife.wad,9925152,38212
valve\halflife.wad,10342044,13052
valve\halflife.wad,10384316,17132
valve\halflife.wad,10510076,6252
valve\halflife.wad,11141688,8972
valve\halflife.wad,11234412,6252
valve\halflife.wad,12028152,8972
valve\halflife.wad,12125240,22572
valve\halflife.wad,12193768,14412
valve\halflife.wad,12691936,22572
valve\halflife.wad,13969416,28012
valve\halflife.wad,15877300,44332
valve\halflife.wad,15921632,44332
valve\halflife.wad,19774424,3872
valve\halflife.wad,19794124,17132
valve\halflife.wad,20205196,22572
valve\halflife.wad,20274404,22572
valve\halflife.wad,20332600,22572
valve\halflife.wad,20640348,7612
valve\halflife.wad,20675688,4892
valve\halflife.wad,21247100,8972
valve\halflife.wad,21355652,1152
valve\halflife.wad,21356804,11012
valve\halflife.wad,21416680,1152
valve\halflife.wad,23022024,34812
valve\halflife.wad,23141400,3872
valve\halflife.wad,23458668,6252
valve\halflife.wad,23518488,2172
valve\halflife.wad,23590320,2852
valve\halflife.wad,23625528,1492
valve\halflife.wad,24422776,2172
valve\halflife.wad,24615548,8972
valve\halflife.wad,24642180,3532
valve\halflife.wad,24674592,8972
valve\halflife.wad,24709668,8972
valve\halflife.wad,27812888,6252
valve\halflife.wad,27946656,6252
valve\halflife.wad,28091700,4892
valve\halflife.wad,28110116,7612
valve\halflife.wad,28182420,22572
valve\halflife.wad,28204992,13052
valve\halflife.wad,28568052,22572
valve\halflife.wad,29119768,17132
valve\halflife.wad,29154032,55212
valve\halflife.wad,29265948,28352
valve\halflife.wad,29449432,2852
valve\halflife.wad,29514824,8972
valve\halflife.wad,29699744,22572
valve\halflife.wad,30073508,1492
valve\halflife.wad,30606448,1152
valve\halflife.wad,31756952,4892
valve\halflife.wad,31985516,49772
valve\halflife.wad,32946612,8972
valve\halflife.wad,33112548,2172
valve\halflife.wad,33378084,23252
valve\halflife.wad,34135464,6252
valve\halflife.wad,34141716,6252
valve\halflife.wad,34193112,22572
valve\halflife.wad,34238256,22572
valve\halflife.wad,34751272,22572
valve\halflife.wad,35167332,3532
valve\halflife.wad,35295680,22572
valve\halflife.wad,35318252,22572
valve\halflife.wad,35408540,6932
valve\halflife.wad,35499508,28012
valve\halflife.wad,35611556,28012
valve\halflife.wad,35745628,11692
valve\halflife.wad,36004024,11012
valve\halflife.wad,36038684,6932
valve\halflife.wad,36078972,4892
valve\halflife.wad,37018092,4892
valve\halflife.wad,37022984,4892
valve\halflife.wad,37092832,4892
valve\halflife.wad,37471396,2852
valve\halflife.wad,37483352,6252
valve\halflife.wad,37578096,7612
valve\halflife.wad,37681452,17132
valve\halflife.wad,37790228,2172
valve\sound\doors\doorstop4.wav
