cstrike\cs_747.wad,0,12
cstrike\cs_747.wad,2907188,32
cstrike\cs_bdog.wad,12,87852
cstrike\cs_bdog.wad,87864,44332
cstrike\cs_bdog.wad,132196,87852
cstrike\cs_bdog.wad,319592,87852
cstrike\cs_bdog.wad,605720,87852
cstrike\cs_bdog.wad,693572,44332
cstrike\cs_bdog.wad,793928,87852
cstrike\cs_bdog.wad,881780,87852
cstrike\cs_bdog.wad,969632,22572
cstrike\cs_bdog.wad,1014776,87852
cstrike\cs_bdog.wad,1278332,87852
cstrike\cs_bdog.wad,1652312,87852
cstrike\cs_bdog.wad,2245760,33452
cstrike\cs_bdog.wad,2674952,87852
cstrike\cs_bdog.wad,2762804,87852
cstrike\cs_bdog.wad,2894988,87852
cstrike\cs_bdog.wad,2982840,87852
cstrike\cs_bdog.wad,3597804,87852
cstrike\cs_bdog.wad,3906296,3872
cstrike\cs_bdog.wad,3998832,87852
cstrike\cs_bdog.wad,4183904,44332
cstrike\cs_bdog.wad,4388696,22572
cstrike\cs_bdog.wad,4548852,87852
cstrike\cs_bdog.wad,4973396,87852
cstrike\cs_bdog.wad,5205936,87852
cstrike\cs_bdog.wad,5425972,22572
cstrike\cs_bdog.wad,5448544,87852
cstrike\cs_bdog.wad,5698328,28012
cstrike\cs_bdog.wad,5726340,44332
cstrike\decals.wad,637008,4892
cstrike\gfx\env\backalleybk.tga
cstrike\gfx\env\backalleydn.tga
cstrike\gfx\env\backalleyft.tga
cstrike\gfx\env\backalleylf.tga
cstrike\gfx\env\backalleyrt.tga
cstrike\gfx\env\backalleyup.tga
cstrike\maps\cs_backalley.bsp
cstrike\maps\cs_backalley.txt
cstrike\overviews\cs_backalley.bmp
cstrike\overviews\cs_backalley.txt
cstrike\sound\ambience\alarm1.wav
cstrike\sound\ambience\car1.wav
cstrike\sound\ambience\car2.wav
cstrike\sound\ambience\cat1.wav
cstrike\sound\ambience\copter.wav
cstrike\sound\ambience\dog1.wav
cstrike\sound\ambience\dog2.wav
cstrike\sound\ambience\dog3.wav
cstrike\sound\ambience\dog4.wav
valve\halflife.wad,457464,2172
valve\halflife.wad,606016,1152
valve\halflife.wad,1737828,1152
valve\halflife.wad,2217728,6252
valve\halflife.wad,2223980,6252
valve\halflife.wad,3751180,6252
valve\halflife.wad,5178232,6252
valve\halflife.wad,6270144,6252
valve\halflife.wad,7847676,6252
valve\halflife.wad,19644852,2172
valve\halflife.wad,19918788,22572
valve\halflife.wad,20685472,4892
valve\halflife.wad,21267084,11012
valve\halflife.wad,21344640,11012
valve\halflife.wad,21417832,8972
valve\halflife.wad,21584820,2172
valve\halflife.wad,21591336,2172
valve\halflife.wad,22951324,2172
valve\halflife.wad,23190056,4892
valve\halflife.wad,23261132,1832
valve\halflife.wad,23666572,8972
valve\halflife.wad,24061436,6252
valve\halflife.wad,28085788,5912
valve\halflife.wad,28136144,4892
valve\halflife.wad,31714908,2172
valve\halflife.wad,36531772,6252
valve\halflife.wad,37018092,4892
valve\halflife.wad,37022984,4892
valve\halflife.wad,37083048,4892
valve\halflife.wad,37165988,6252
valve\halflife.wad,37330244,6252
valve\halflife.wad,37788396,1832
valve\sound\buttons\latchlocked1.wav
valve\sound\buttons\latchlocked2.wav
