cstrike\maps\cs_estate.bsp
cstrike\maps\cs_estate.txt
cstrike\overviews\cs_estate.txt
cstrike\overviews\cs_estate.bmp
cstrike\gfx\env\morningdewbk.bmp
cstrike\gfx\env\morningdewdn.bmp
cstrike\gfx\env\morningdewft.bmp
cstrike\gfx\env\morningdewlf.bmp
cstrike\gfx\env\morningdewrt.bmp
cstrike\gfx\env\morningdewup.bmp
cstrike\gfx\env\morningdevdn.tga
cstrike\gfx\env\morningdevup.tga
cstrike\gfx\env\morningdevlf.tga
cstrike\gfx\env\morningdevrt.tga
cstrike\gfx\env\morningdevbk.tga
cstrike\cs_bdog.wad,0,12
cstrike\cs_bdog.wad,5828036,32
cstrike\cs_bdog.wad,5636468,11692
cstrike\cs_bdog.wad,1652312,87852
cstrike\cs_bdog.wad,3906296,3872
cstrike\cs_bdog.wad,5672224,13052
cstrike\cs_bdog.wad,4388696,22572
cstrike\cstrike.wad,0,12
cstrike\cstrike.wad,2677428,32
cstrike\cstrike.wad,1597332,22572
cstrike\cstrike.wad,1788088,6252
valve\halflife.wad,0,12
valve\halflife.wad,37814384,32
valve\halflife.wad,37847024,32
valve\halflife.wad,37879792,32
valve\halflife.wad,37912560,32
valve\halflife.wad,103556,3872
valve\halflife.wad,604864,1152
valve\halflife.wad,620880,2852
valve\halflife.wad,652688,3872
valve\halflife.wad,906752,3872
valve\halflife.wad,1736676,1152
valve\halflife.wad,2330624,1152
valve\halflife.wad,2903100,22572
valve\halflife.wad,3846944,1152
valve\halflife.wad,4419420,22572
valve\halflife.wad,5250612,1152
valve\halflife.wad,5778624,22572
valve\halflife.wad,6305824,1152
valve\halflife.wad,6584544,22572
valve\halflife.wad,6741584,1152
valve\halflife.wad,6929148,1152
valve\halflife.wad,7860180,2172
valve\halflife.wad,12295748,22572
valve\halflife.wad,19660056,3532
valve\halflife.wad,20631584,3872
valve\halflife.wad,20732032,11692
valve\halflife.wad,20822148,11692
valve\halflife.wad,20940388,3872
valve\halflife.wad,21234124,2852
valve\halflife.wad,22030588,8972
valve\halflife.wad,22951324,2172
valve\halflife.wad,23155604,5572
valve\halflife.wad,23245984,3872
valve\halflife.wad,23518488,2172
valve\halflife.wad,24156200,22572
valve\halflife.wad,24201344,22572
valve\halflife.wad,24456132,2172
valve\halflife.wad,25392848,17132
valve\halflife.wad,25476656,1152
valve\halflife.wad,26127760,2172
valve\halflife.wad,26162552,2852
valve\halflife.wad,27774904,6252
valve\halflife.wad,27945504,1152
valve\halflife.wad,27946656,6252
valve\halflife.wad,27987020,7612
valve\halflife.wad,32973528,1152
valve\halflife.wad,35838352,13052
valve\halflife.wad,36202428,6252
valve\halflife.wad,36538024,6932
valve\halflife.wad,36977992,4892
valve\halflife.wad,37063140,1152
valve\halflife.wad,37342748,6252
valve\halflife.wad,37351852,13052
valve\halflife.wad,37408328,2172
valve\halflife.wad,37489604,3532
valve\halflife.wad,37623504,2172
valve\halflife.wad,37724688,8972
valve\halflife.wad,37788396,1832
valve\sound\ambience\cricket.wav
valve\sound\ambience\deadsignal1.wav

