cstrike\chateau.wad,0,12
cstrike\chateau.wad,804808,22572
cstrike\chateau.wad,3529520,87852
cstrike\chateau.wad,5637740,1152
cstrike\chateau.wad,6400016,22572
cstrike\chateau.wad,7702644,32
cstrike\cs_havana.wad,0,12
cstrike\cs_havana.wad,12,87852
cstrike\cs_havana.wad,87864,87852
cstrike\cs_havana.wad,175716,87852
cstrike\cs_havana.wad,263568,87852
cstrike\cs_havana.wad,354952,87852
cstrike\cs_havana.wad,442804,87852
cstrike\cs_havana.wad,530656,87852
cstrike\cs_havana.wad,618508,87852
cstrike\cs_havana.wad,706360,87852
cstrike\cs_havana.wad,794212,87852
cstrike\cs_havana.wad,882064,87852
cstrike\cs_havana.wad,969916,87852
cstrike\cs_havana.wad,1057768,87852
cstrike\cs_havana.wad,1145620,87852
cstrike\cs_havana.wad,1233472,87852
cstrike\cs_havana.wad,1321324,87852
cstrike\cs_havana.wad,1409176,87852
cstrike\cs_havana.wad,1497028,87852
cstrike\cs_havana.wad,1584880,87852
cstrike\cs_havana.wad,1672732,87852
cstrike\cs_havana.wad,1760584,87852
cstrike\cs_havana.wad,1848436,87852
cstrike\cs_havana.wad,1959672,11692
cstrike\cs_havana.wad,1971364,44332
cstrike\cs_havana.wad,2015696,22572
cstrike\cs_havana.wad,2060840,22572
cstrike\cs_havana.wad,2083412,22572
cstrike\cs_havana.wad,2128556,22572
cstrike\cs_havana.wad,2151128,22572
cstrike\cs_havana.wad,2173700,87852
cstrike\cs_havana.wad,2261552,87852
cstrike\cs_havana.wad,2349404,87852
cstrike\cs_havana.wad,2437256,87852
cstrike\cs_havana.wad,2525108,87852
cstrike\cs_havana.wad,2612960,87852
cstrike\cs_havana.wad,2700812,87852
cstrike\cs_havana.wad,2788664,87852
cstrike\cs_havana.wad,2876516,87852
cstrike\cs_havana.wad,2964368,87852
cstrike\cs_havana.wad,3052220,87852
cstrike\cs_havana.wad,3140072,87852
cstrike\cs_havana.wad,3227924,87852
cstrike\cs_havana.wad,3315776,87852
cstrike\cs_havana.wad,3403628,87852
cstrike\cs_havana.wad,3491480,87852
cstrike\cs_havana.wad,3579332,87852
cstrike\cs_havana.wad,3667184,87852
cstrike\cs_havana.wad,3755036,87852
cstrike\cs_havana.wad,3842888,87852
cstrike\cs_havana.wad,3930740,44332
cstrike\cs_havana.wad,3975072,87852
cstrike\cs_havana.wad,4089028,87852
cstrike\cs_havana.wad,4176880,87852
cstrike\cs_havana.wad,4264732,87852
cstrike\cs_havana.wad,4352584,87852
cstrike\cs_havana.wad,4440436,87852
cstrike\cs_havana.wad,4528288,87852
cstrike\cs_havana.wad,4616140,87852
cstrike\cs_havana.wad,4703992,87852
cstrike\cs_havana.wad,4791844,87852
cstrike\cs_havana.wad,4879696,44332
cstrike\cs_havana.wad,4924028,87852
cstrike\cs_havana.wad,5034452,6252
cstrike\cs_havana.wad,5040704,6252
cstrike\cs_havana.wad,5046956,87852
cstrike\cs_havana.wad,5134808,87852
cstrike\cs_havana.wad,5222660,87852
cstrike\cs_havana.wad,5310512,87852
cstrike\cs_havana.wad,5398364,44332
cstrike\cs_havana.wad,5442696,87852
cstrike\cs_havana.wad,5530548,87852
cstrike\cs_havana.wad,5618400,87852
cstrike\cs_havana.wad,5706252,6252
cstrike\cs_havana.wad,5800356,87852
cstrike\cs_havana.wad,5888208,87852
cstrike\cs_havana.wad,5976060,87852
cstrike\cs_havana.wad,6063912,87852
cstrike\cs_havana.wad,6151764,87852
cstrike\cs_havana.wad,6239616,87852
cstrike\cs_havana.wad,6327468,87852
cstrike\cs_havana.wad,6415320,87852
cstrike\cs_havana.wad,6503172,87852
cstrike\cs_havana.wad,6591024,87852
cstrike\cs_havana.wad,6678876,87852
cstrike\cs_havana.wad,6766728,44332
cstrike\cs_havana.wad,6813364,87852
cstrike\cs_havana.wad,6901216,87852
cstrike\cs_havana.wad,6989068,44332
cstrike\cs_havana.wad,7077732,87852
cstrike\cs_havana.wad,7165584,87852
cstrike\cs_havana.wad,7253436,87852
cstrike\cs_havana.wad,7341288,87852
cstrike\cs_havana.wad,7451712,22572
cstrike\cs_havana.wad,7474284,22572
cstrike\cs_havana.wad,7496856,87852
cstrike\cs_havana.wad,7584708,87852
cstrike\cs_havana.wad,7672560,87852
cstrike\cs_havana.wad,7760412,87852
cstrike\cs_havana.wad,7848264,87852
cstrike\cs_havana.wad,7936116,22572
cstrike\cs_havana.wad,7958688,22572
cstrike\cs_havana.wad,7981260,22572
cstrike\cs_havana.wad,8026404,13052
cstrike\cs_havana.wad,8052508,22572
cstrike\cs_havana.wad,8097652,87852
cstrike\cs_havana.wad,8208076,32
valve\halflife.wad,10102724,22572
valve\halflife.wad,7500848,2172
valve\halflife.wad,10102724,22572
valve\halflife.wad,30569088,1152
valve\halflife.wad,17451900,17132
valve\halflife.wad,20700488,25292
valve\halflife.wad,20850688,3872
valve\halflife.wad,25938272,2172
valve\halflife.wad,27703128,22572
valve\halflife.wad,30050920,1492
valve\halflife.wad,30652460,22572
valve\halflife.wad,35273108,22572
valve\halflife.wad,37056888,6252
valve\halflife.wad,37526436,6252
valve\halflife.wad,7686596,22572
cstrike\gfx\env\havbk.tga
cstrike\gfx\env\havdn.tga
cstrike\gfx\env\havft.tga
cstrike\gfx\env\havlf.tga
cstrike\gfx\env\havrt.tga
cstrike\gfx\env\havup.tga
cstrike\maps\cs_havana.bsp
cstrike\maps\cs_havana.txt
cstrike\overviews\cs_havana.bmp
cstrike\overviews\cs_havana.txt
valve\sound\debris\pushbox1.wav
valve\sound\debris\pushbox2.wav
valve\sound\debris\pushbox3.wav
valve\sprites\glow01.spr
valve\sprites\glow03.spr
