cstrike\ajawad.wad,0,12
cstrike\cstrike.wad,14820,22572
cstrike\cstrike.wad,172748,22572
cstrike\cstrike.wad,195320,22572
cstrike\cstrike.wad,364204,22572
cstrike\cstrike.wad,386776,22572
cstrike\cstrike.wad,409348,22572
cstrike\cstrike.wad,544704,22572
cstrike\cstrike.wad,567276,22572
cstrike\cstrike.wad,736160,22572
cstrike\cstrike.wad,887836,22572
cstrike\cstrike.wad,985056,22572
cstrike\cstrike.wad,1059704,22572
cstrike\cstrike.wad,1163856,22572
cstrike\cstrike.wad,1226944,11692
cstrike\cstrike.wad,1328924,22572
cstrike\cstrike.wad,1392824,33452
cstrike\cstrike.wad,1448848,22572
cstrike\cstrike.wad,1995864,22572
cstrike\cstrike.wad,2327136,33452
cstrike\cstrike.wad,2383160,22572
cstrike\maps\cs_militia.bsp
cstrike\maps\cs_militia.txt
cstrike\overviews\cs_militia.bmp
cstrike\overviews\cs_militia.txt
valve\halflife.wad,24088484,22572
valve\halflife.wad,123728,2172
valve\halflife.wad,604864,1152
valve\halflife.wad,620880,2852
valve\halflife.wad,1409648,2172
valve\halflife.wad,1736676,1152
valve\halflife.wad,2092044,3872
valve\halflife.wad,2198972,8972
valve\halflife.wad,2598596,34812
valve\halflife.wad,2633408,33452
valve\halflife.wad,2666860,34812
valve\halflife.wad,3219240,22572
valve\halflife.wad,3625496,3872
valve\halflife.wad,3732424,8972
valve\halflife.wad,4114916,34812
valve\halflife.wad,4149728,33452
valve\halflife.wad,4183180,34812
valve\halflife.wad,4735560,22572
valve\halflife.wad,5159476,8972
valve\halflife.wad,5499412,34812
valve\halflife.wad,5534224,33452
valve\halflife.wad,5567676,34812
valve\halflife.wad,6058592,22572
valve\halflife.wad,6387592,34812
valve\halflife.wad,6422404,33452
valve\halflife.wad,6455856,34812
valve\halflife.wad,6756052,34812
valve\halflife.wad,6958312,2852
valve\halflife.wad,7748324,6252
valve\halflife.wad,7786988,6252
valve\halflife.wad,7793240,6252
valve\halflife.wad,7862352,29372
valve\halflife.wad,7891724,17132
valve\halflife.wad,7908856,29372
valve\halflife.wad,7938228,33452
valve\halflife.wad,19757028,6252
valve\halflife.wad,19789232,4892
valve\halflife.wad,19828388,17132
valve\halflife.wad,19918788,22572
valve\halflife.wad,19941360,22572
valve\halflife.wad,20296976,28012
valve\halflife.wad,20627712,3872
valve\halflife.wad,20846344,2172
valve\halflife.wad,21535636,4212
valve\halflife.wad,21646036,22572
valve\halflife.wad,22253548,17132
valve\halflife.wad,22279652,3532
valve\halflife.wad,22323020,17132
valve\halflife.wad,22598112,22572
valve\halflife.wad,22939236,3532
valve\halflife.wad,23240072,5912
valve\halflife.wad,24615548,8972
valve\halflife.wad,24645712,3532
valve\halflife.wad,25940444,7612
valve\halflife.wad,26165404,2852
valve\halflife.wad,27770560,2172
valve\halflife.wad,28624680,34812
valve\halflife.wad,28892028,8972
valve\halflife.wad,30049428,1492
valve\halflife.wad,31483188,4212
valve\halflife.wad,31487400,4212
valve\halflife.wad,33334848,22572
valve\halflife.wad,34458648,22572
valve\halflife.wad,34481220,22572
valve\halflife.wad,35925712,10332
valve\halflife.wad,35945016,6252
valve\halflife.wad,35960240,38892
valve\halflife.wad,36090116,2172
valve\halflife.wad,36531772,6252
valve\halflife.wad,37673236,1152
valve\models\scientistT.mdl
valve\sound\buttons\lever4.wav
