cstrike\cs_bdog.wad,12,87852
cstrike\cs_bdog.wad,1740164,6252
cstrike\decals.wad,162844,1152
cstrike\decals.wad,795628,1152
cstrike\gfx\env\officebk.tga
cstrike\gfx\env\officedn.tga
cstrike\gfx\env\officeft.tga
cstrike\gfx\env\officelf.tga
cstrike\gfx\env\officert.tga
cstrike\gfx\env\officeup.tga
cstrike\maps\cs_office.bsp
cstrike\maps\cs_office.txt
cstrike\overviews\cs_office.bmp
cstrike\overviews\cs_office.txt
valve\halflife.wad,110960,2172
valve\halflife.wad,466152,1832
valve\halflife.wad,583540,2172
valve\halflife.wad,844460,1832
valve\halflife.wad,888280,2172
valve\halflife.wad,1085076,1832
valve\halflife.wad,1195968,2172
valve\halflife.wad,1396880,2172
valve\halflife.wad,1624860,1832
valve\halflife.wad,6958312,2852
valve\halflife.wad,7420364,2172
valve\halflife.wad,10428364,6932
valve\halflife.wad,12028152,8972
valve\halflife.wad,19644852,2172
valve\halflife.wad,20021580,2172
valve\halflife.wad,20332600,22572
valve\halflife.wad,20745896,3872
valve\halflife.wad,20779404,22572
valve\halflife.wad,20873504,7612
valve\halflife.wad,21238128,8972
valve\halflife.wad,21427956,2852
valve\halflife.wad,21886412,28012
valve\halflife.wad,21959568,22572
valve\halflife.wad,22323020,17132
valve\halflife.wad,23174152,8972
valve\halflife.wad,23240072,5912
valve\halflife.wad,23262964,5912
valve\halflife.wad,23337328,5572
valve\halflife.wad,23417416,1492
valve\halflife.wad,24201344,22572
valve\halflife.wad,25128936,22572
valve\halflife.wad,25538136,22572
valve\halflife.wad,28545480,22572
valve\halflife.wad,30033412,2852
valve\halflife.wad,30049428,1492
valve\halflife.wad,30125828,7612
valve\halflife.wad,30186064,14412
valve\halflife.wad,30399808,8972
valve\halflife.wad,30444668,8972
valve\halflife.wad,30966636,3872
valve\halflife.wad,31067780,4892
valve\halflife.wad,31483188,4212
valve\halflife.wad,31487400,4212
valve\halflife.wad,31595252,6932
valve\halflife.wad,33119064,2172
valve\halflife.wad,37408328,2172
valve\halflife.wad,37468544,2852
valve\halflife.wad,37662640,3532
valve\halflife.wad,37724688,8972
valve\halflife.wad,37775364,2172
valve\halflife.wad,37779708,2172
valve\models\cindergibs.mdl
valve\sound\ambience\tankidle2.wav
valve\sound\doors\doormove6.wav
valve\sound\doors\doorstop1.wav
