cstrike\decals.wad,93092,9312
cstrike\decals.wad,195048,8972
cstrike\decals.wad,266012,17132
cstrike\decals.wad,567688,6932
cstrike\gfx\env\grnplsntbk.tga
cstrike\gfx\env\grnplsntdn.tga
cstrike\gfx\env\grnplsntft.tga
cstrike\gfx\env\grnplsntlf.tga
cstrike\gfx\env\grnplsntrt.tga
cstrike\gfx\env\grnplsntup.tga
cstrike\maps\cs_siege.bsp
cstrike\maps\cs_siege.txt
cstrike\overviews\cs_siege.bmp
cstrike\overviews\cs_siege.txt
valve\sound\buttons\button8.wav
valve\sound\buttons\button9.wav
valve\sound\buttons\latchlocked1.wav
valve\sound\buttons\spark1.wav
valve\sound\buttons\spark2.wav
valve\sound\buttons\spark3.wav
valve\sound\buttons\spark4.wav
valve\sound\doors\doormove6.wav
valve\sound\doors\doormove8.wav
valve\sound\doors\doorstop3.wav
valve\sound\doors\doorstop6.wav
valve\sound\doors\doorstop8.wav
valve\sprites\glow03.spr
