cstrike\maps\cs_thunder.bsp
cstrike\maps\cs_thunder.txt
cstrike\overviews\cs_thunder.bmp
cstrike\overviews\cs_thunder.txt
cstrike\cs_thunder.wad,0,12
cstrike\cs_thunder.wad,44344,22572
cstrike\cs_thunder.wad,66916,87852
cstrike\cs_thunder.wad,154768,87852
cstrike\cs_thunder.wad,254312,11692
cstrike\cs_thunder.wad,266004,87852
cstrike\cs_thunder.wad,353856,87852
cstrike\cs_thunder.wad,441708,87852
cstrike\cs_thunder.wad,529560,22572
cstrike\cs_thunder.wad,662556,44332
cstrike\cs_thunder.wad,706888,87852
cstrike\cs_thunder.wad,794740,87852
cstrike\cs_thunder.wad,970444,87852
cstrike\cs_thunder.wad,1058296,22572
cstrike\cs_thunder.wad,1103440,22572
cstrike\cs_thunder.wad,1126012,22572
cstrike\cs_thunder.wad,1199980,22572
cstrike\cs_thunder.wad,1245124,6252
cstrike\cs_thunder.wad,1251376,87852
cstrike\cs_thunder.wad,1339228,87852
cstrike\cs_thunder.wad,1427080,87852
cstrike\cs_thunder.wad,1514932,87852
cstrike\cs_thunder.wad,1625356,87852
cstrike\cs_thunder.wad,1713208,32
cstrike\decals.wad,283144,16112
valve\halflife.wad,18207920,11692
valve\halflife.wad,18918620,14412
valve\halflife.wad,18933032,14412
valve\halflife.wad,31031912,3532
valve\halflife.wad,31256492,6932
valve\halflife.wad,31568336,13052
valve\halflife.wad,36603284,1152
valve\models\gman.mdl
valve\models\houndeye.mdl
cstrike\sound\ambience\lv_neon.wav
valve\sound\ambience\alienwind2.wav
