cstrike\maps\de_aztec.bsp
cstrike\maps\de_aztec.txt
cstrike\cstrike.wad,37392,22572
cstrike\cstrike.wad,409348,22572
cstrike\gfx\env\doom1bk.tga
cstrike\gfx\env\doom1dn.tga
cstrike\gfx\env\doom1ft.tga
cstrike\gfx\env\doom1lf.tga
cstrike\gfx\env\doom1rt.tga
cstrike\gfx\env\doom1up.tga
cstrike\overviews\de_aztec.bmp
cstrike\overviews\de_aztec.txt
cstrike\decals.wad,833364,6252
cstrike\sound\ambience\thunder_clap.wav
valve\halflife.wad,612324,2852
valve\halflife.wad,1744136,2852
valve\halflife.wad,22932172,3532
valve\halflife.wad,22946300,2852
valve\halflife.wad,30929332,1492
valve\halflife.wad,33942384,6252
valve\halflife.wad,37589240,22572
valve\sound\ambience\crickets.wav
