cstrike\cs_cbble.wad,0,12
cstrike\cs_cbble.wad,44344,44332
cstrike\cs_cbble.wad,88676,44332
cstrike\cs_cbble.wad,133008,44332
cstrike\cs_cbble.wad,177340,44332
cstrike\cs_cbble.wad,353856,44332
cstrike\cs_cbble.wad,398188,44332
cstrike\cs_cbble.wad,815648,87852
cstrike\cs_cbble.wad,903500,44332
cstrike\cs_cbble.wad,947832,87852
cstrike\cs_cbble.wad,1035684,30732
cstrike\cs_cbble.wad,1066416,49772
cstrike\cs_cbble.wad,1138760,11692
cstrike\cs_cbble.wad,1199864,34812
cstrike\cs_cbble.wad,1234676,87852
cstrike\cs_cbble.wad,1382216,8292
cstrike\cs_cbble.wad,1484612,22572
cstrike\cs_cbble.wad,1529756,22572
cstrike\cs_cbble.wad,1564832,22572
cstrike\cs_cbble.wad,1621668,32
cstrike\maps\de_cbble.bsp
cstrike\maps\de_cbble.txt
cstrike\overviews\de_cbble.bmp
cstrike\overviews\de_cbble.txt
valve\halflife.wad,623732,2172
valve\halflife.wad,23449356,9312
valve\halflife.wad,37342748,6252
valve\halflife.wad,37585708,3532
