cstrike\chateau.wad,0,12
cstrike\chateau.wad,22584,87852
cstrike\chateau.wad,110436,87852
cstrike\chateau.wad,198288,87852
cstrike\chateau.wad,286140,87852
cstrike\chateau.wad,373992,87852
cstrike\chateau.wad,461844,87852
cstrike\chateau.wad,549696,87852
cstrike\chateau.wad,649240,22572
cstrike\chateau.wad,694384,22572
cstrike\chateau.wad,716956,87852
cstrike\chateau.wad,849952,87852
cstrike\chateau.wad,972068,11692
cstrike\chateau.wad,983760,44332
cstrike\chateau.wad,1039784,11692
cstrike\chateau.wad,1095808,87852
cstrike\chateau.wad,1183660,87852
cstrike\chateau.wad,1271512,87852
cstrike\chateau.wad,1359364,44332
cstrike\chateau.wad,1403696,87852
cstrike\chateau.wad,1491548,22572
cstrike\chateau.wad,1514120,22572
cstrike\chateau.wad,1536692,87852
cstrike\chateau.wad,1624544,87852
cstrike\chateau.wad,1724088,87852
cstrike\chateau.wad,1811940,44332
cstrike\chateau.wad,1856272,44332
cstrike\chateau.wad,1944936,87852
cstrike\chateau.wad,2032788,44332
cstrike\chateau.wad,2077120,87852
cstrike\chateau.wad,2164972,87852
cstrike\chateau.wad,2252824,87852
cstrike\chateau.wad,2340676,87852
cstrike\chateau.wad,2428528,87852
cstrike\chateau.wad,2516380,87852
cstrike\chateau.wad,2604232,87852
cstrike\chateau.wad,2715468,11692
cstrike\chateau.wad,2727160,87852
cstrike\chateau.wad,2815012,87852
cstrike\chateau.wad,2902864,87852
cstrike\chateau.wad,2990716,87852
cstrike\chateau.wad,3078568,87852
cstrike\chateau.wad,3166420,87852
cstrike\chateau.wad,3254272,87852
cstrike\chateau.wad,3342124,87852
cstrike\chateau.wad,3429976,87852
cstrike\chateau.wad,3517828,11692
cstrike\chateau.wad,3529520,87852
cstrike\chateau.wad,3617372,22572
cstrike\chateau.wad,3646196,87852
cstrike\chateau.wad,3734048,87852
cstrike\chateau.wad,3821900,87852
cstrike\chateau.wad,3909752,87852
cstrike\chateau.wad,3997604,87852
cstrike\chateau.wad,4085456,87852
cstrike\chateau.wad,4173308,11692
cstrike\chateau.wad,4185000,87852
cstrike\chateau.wad,4272852,22572
cstrike\chateau.wad,4295424,87852
cstrike\chateau.wad,4383276,87852
cstrike\chateau.wad,4471128,87852
cstrike\chateau.wad,4558980,87852
cstrike\chateau.wad,4646832,87852
cstrike\chateau.wad,4734684,87852
cstrike\chateau.wad,4834228,87852
cstrike\chateau.wad,4922080,87852
cstrike\chateau.wad,5009932,87852
cstrike\chateau.wad,5097784,87852
cstrike\chateau.wad,5185636,87852
cstrike\chateau.wad,5273488,87852
cstrike\chateau.wad,5361340,87852
cstrike\chateau.wad,5449192,87852
cstrike\chateau.wad,5537044,87852
cstrike\chateau.wad,5636588,1152
cstrike\chateau.wad,5664920,87852
cstrike\chateau.wad,5752772,87852
cstrike\chateau.wad,5840624,87852
cstrike\chateau.wad,5928476,87852
cstrike\chateau.wad,6016328,87852
cstrike\chateau.wad,6104180,87852
cstrike\chateau.wad,6200588,87852
cstrike\chateau.wad,6289592,22572
cstrike\chateau.wad,6312164,87852
cstrike\chateau.wad,6422588,44332
cstrike\chateau.wad,6466920,11692
cstrike\chateau.wad,6478612,87852
cstrike\chateau.wad,6566464,87852
cstrike\chateau.wad,6654316,87852
cstrike\chateau.wad,6742168,87852
cstrike\chateau.wad,6830020,87852
cstrike\chateau.wad,6917872,87852
cstrike\chateau.wad,7005724,6252
cstrike\chateau.wad,7011976,87852
cstrike\chateau.wad,7099828,87852
cstrike\chateau.wad,7187680,87852
cstrike\chateau.wad,7275532,44332
cstrike\chateau.wad,7364196,22572
cstrike\chateau.wad,7409340,44332
cstrike\chateau.wad,7459924,6252
cstrike\chateau.wad,7466176,87852
cstrike\chateau.wad,7554028,87852
cstrike\chateau.wad,7641880,22572
cstrike\chateau.wad,7664452,11692
cstrike\chateau.wad,7702644,32
cstrike\decals.wad,940308,6252
cstrike\gfx\env\cxbk.tga
cstrike\gfx\env\cxdn.tga
cstrike\gfx\env\cxft.tga
cstrike\gfx\env\cxlf.tga
cstrike\gfx\env\cxrt.tga
cstrike\gfx\env\cxup.tga
cstrike\maps\de_chateau.bsp
cstrike\maps\de_chateau.txt
cstrike\overviews\de_chateau.bmp
cstrike\overviews\de_chateau.txt
valve\models\rockgibs.mdl
valve\sprites\glow01.spr
valve\sprites\glow02.spr
valve\sprites\xfireball3.spr
