cstrike\cs_dust.wad,0,12
cstrike\cs_dust.wad,12,41612
cstrike\cs_dust.wad,86768,41612
cstrike\cs_dust.wad,128380,22572
cstrike\cs_dust.wad,150952,22572
cstrike\cs_dust.wad,173524,87852
cstrike\cs_dust.wad,261376,4892
cstrike\cs_dust.wad,307880,66092
cstrike\cs_dust.wad,373972,22572
cstrike\cs_dust.wad,425368,6252
cstrike\cs_dust.wad,431620,41612
cstrike\cs_dust.wad,606228,6252
cstrike\cs_dust.wad,618732,6252
cstrike\cs_dust.wad,712836,41612
cstrike\cs_dust.wad,754448,41612
cstrike\cs_dust.wad,837672,41612
cstrike\cs_dust.wad,879284,87852
cstrike\cs_dust.wad,967136,87852
cstrike\cs_dust.wad,1054988,32
cstrike\decals.wad,332060,8972
cstrike\decals.wad,794476,1152
cstrike\gfx\env\desbk.tga
cstrike\gfx\env\desdn.tga
cstrike\gfx\env\desft.tga
cstrike\gfx\env\deslf.tga
cstrike\gfx\env\desrt.tga
cstrike\gfx\env\desup.tga
cstrike\maps\de_dust.bsp
cstrike\maps\de_dust.txt
cstrike\overviews\de_dust.bmp
cstrike\overviews\de_dust.txt
valve\models\metalplategibs_green.mdl
