cstrike\maps\de_nuke.bsp
valve\halflife.wad,0,12
valve\halflife.wad,37814384,32
valve\halflife.wad,37847024,32
valve\halflife.wad,37879792,32
valve\halflife.wad,37912560,32
cstrike\cstrike.wad,0,12
cstrike\cstrike.wad,2677428,32
cstrike\jos.wad,0,12
cstrike\jos.wad,696440,32
cstrike\cs_bdog.wad,0,12
cstrike\cs_bdog.wad,5828036,32
valve\halflife.wad,479128,2172
valve\halflife.wad,583540,2172
valve\halflife.wad,608320,1152
valve\halflife.wad,888280,2172
valve\halflife.wad,1635664,2172
valve\halflife.wad,1740132,1152
valve\halflife.wad,1930376,28012
valve\halflife.wad,2102168,6252
valve\halflife.wad,2556928,13052
valve\halflife.wad,2598596,34812
valve\halflife.wad,2840012,25292
valve\halflife.wad,3184164,6252
valve\halflife.wad,3219240,22572
valve\halflife.wad,3463828,28012
valve\halflife.wad,3635620,6252
valve\halflife.wad,4073248,13052
valve\halflife.wad,4114916,34812
valve\halflife.wad,4356332,25292
valve\halflife.wad,4700484,6252
valve\halflife.wad,4735560,22572
valve\halflife.wad,5062672,6252
valve\halflife.wad,5457744,13052
valve\halflife.wad,5499412,34812
valve\halflife.wad,5715536,25292
valve\halflife.wad,6023516,6252
valve\halflife.wad,6058592,22572
valve\halflife.wad,6187752,6252
valve\halflife.wad,6387592,34812
valve\halflife.wad,6719976,6252
valve\halflife.wad,6756052,34812
valve\halflife.wad,6929148,1152
valve\halflife.wad,6958312,2852
valve\halflife.wad,7367080,2172
valve\halflife.wad,7369252,6252
valve\halflife.wad,7748324,6252
valve\halflife.wad,7783116,3872
valve\halflife.wad,7860180,2172
valve\halflife.wad,8979808,6252
valve\halflife.wad,9235732,22572
valve\halflife.wad,10364068,6252
valve\halflife.wad,11908492,29372
valve\halflife.wad,12691936,22572
valve\halflife.wad,15877300,44332
valve\halflife.wad,15921632,44332
valve\halflife.wad,17503296,17132
valve\halflife.wad,18806516,41612
valve\halflife.wad,19663588,1152
cstrike\cs_bdog.wad,4320980,22572
valve\halflife.wad,19739632,6252
valve\halflife.wad,19774424,3872
valve\halflife.wad,19794124,17132
valve\halflife.wad,19828388,17132
valve\halflife.wad,19845520,13052
valve\halflife.wad,19895404,6252
valve\halflife.wad,20274404,22572
valve\halflife.wad,20509868,6252
valve\halflife.wad,20537860,9312
valve\halflife.wad,20647960,7612
valve\halflife.wad,20944260,17132
valve\halflife.wad,20961392,11692
valve\halflife.wad,21088380,11692
valve\halflife.wad,21163160,17132
valve\halflife.wad,21320444,2172
valve\halflife.wad,22060960,17132
valve\halflife.wad,22078092,17132
valve\halflife.wad,22762328,6252
valve\halflife.wad,22769732,11692
valve\halflife.wad,22805620,3872
valve\halflife.wad,22906012,4892
valve\halflife.wad,22946300,2852
valve\halflife.wad,23245984,3872
valve\halflife.wad,23913028,37532
valve\halflife.wad,24201344,22572
valve\halflife.wad,24490188,9312
valve\halflife.wad,24518180,4892
valve\halflife.wad,24571992,3872
valve\halflife.wad,26123416,2172
valve\halflife.wad,26541344,22572
valve\halflife.wad,27945504,1152
valve\halflife.wad,28545480,22572
valve\halflife.wad,28777544,22572
valve\halflife.wad,28800116,22572
valve\halflife.wad,29012896,22572
valve\halflife.wad,29058040,22572
valve\halflife.wad,29119768,17132
valve\halflife.wad,29328564,8972
valve\halflife.wad,29514824,8972
valve\halflife.wad,29523796,6252
valve\halflife.wad,29623868,25292
valve\halflife.wad,29767460,22572
valve\halflife.wad,29807164,17132
valve\halflife.wad,30030560,2852
valve\halflife.wad,30610584,22572
valve\halflife.wad,30675032,44332
valve\halflife.wad,30885000,44332
valve\halflife.wad,31487400,4212
valve\halflife.wad,31595252,6932
valve\halflife.wad,31985516,49772
valve\halflife.wad,32307908,22572
valve\halflife.wad,32937640,8972
valve\halflife.wad,32973528,1152
valve\halflife.wad,33112548,2172
valve\halflife.wad,34061496,22572
valve\halflife.wad,34320648,2172
valve\halflife.wad,35918308,6252
valve\halflife.wad,36004024,11012
valve\halflife.wad,36038684,6932
valve\halflife.wad,36075440,3532
valve\halflife.wad,36990496,11012
valve\halflife.wad,37055736,1152
valve\halflife.wad,37216572,66092
valve\halflife.wad,37413352,2172
valve\halflife.wad,37465692,2852
valve\halflife.wad,37538940,7612
valve\halflife.wad,37546552,8972
valve\halflife.wad,37779708,2172
cstrike\cstrike.wad,1392824,33452
cstrike\maps\de_nuke.txt
cstrike\gfx\env\desertup.tga
cstrike\gfx\env\desertdn.tga
cstrike\gfx\env\desertlf.tga
cstrike\gfx\env\desertrt.tga
cstrike\gfx\env\desertbk.tga
cstrike\overviews\de_nuke.txt
cstrike\overviews\de_nuke.bmp
cstrike\models\player\gsg9\gsg9.mdl
cstrike\models\player\guerilla\guerilla.mdl
cstrike\models\player\arctic\arctic.mdl
cstrike\models\player\sas\sas.mdl
cstrike\models\player\terror\terror.mdl
cstrike\models\player\urban\urban.mdl

