cstrike\maps\de_piranesi.bsp
cstrike\maps\de_piranesi.txt
cstrike\de_piranesi.wad,0,12
cstrike\de_piranesi.wad,12,87852
cstrike\de_piranesi.wad,87864,87852
cstrike\de_piranesi.wad,175716,44332
cstrike\de_piranesi.wad,220048,44332
cstrike\de_piranesi.wad,309524,11692
cstrike\de_piranesi.wad,321216,11692
cstrike\de_piranesi.wad,332908,87852
cstrike\de_piranesi.wad,512144,87852
cstrike\de_piranesi.wad,599996,87852
cstrike\de_piranesi.wad,687848,11692
cstrike\de_piranesi.wad,699540,22572
cstrike\de_piranesi.wad,744684,87852
cstrike\de_piranesi.wad,861360,22572
cstrike\de_piranesi.wad,932608,87852
cstrike\de_piranesi.wad,1020460,6252
cstrike\de_piranesi.wad,1078108,87852
cstrike\de_piranesi.wad,1200224,22572
cstrike\de_piranesi.wad,1267940,22572
cstrike\de_piranesi.wad,1313084,22572
cstrike\de_piranesi.wad,1358228,22572
cstrike\de_piranesi.wad,1380800,44332
cstrike\de_piranesi.wad,1425132,44332
cstrike\de_piranesi.wad,1469464,44332
cstrike\de_piranesi.wad,1558128,44332
cstrike\de_piranesi.wad,1625844,11692
cstrike\de_piranesi.wad,1639708,87852
cstrike\de_piranesi.wad,1727560,11692
cstrike\de_piranesi.wad,1768076,22572
cstrike\de_piranesi.wad,1796900,87852
cstrike\de_piranesi.wad,1884752,87852
cstrike\de_piranesi.wad,1997612,44332
cstrike\de_piranesi.wad,2041944,44332
cstrike\de_piranesi.wad,2086276,87852
cstrike\de_piranesi.wad,2174128,87852
cstrike\de_piranesi.wad,2306312,22572
cstrike\de_piranesi.wad,2373216,22572
cstrike\de_piranesi.wad,2395788,6252
cstrike\de_piranesi.wad,2414544,44332
cstrike\de_piranesi.wad,2481448,87852
cstrike\de_piranesi.wad,2569300,44332
cstrike\de_piranesi.wad,2613632,87852
cstrike\de_piranesi.wad,2701484,22572
cstrike\de_piranesi.wad,2769200,22572
cstrike\de_piranesi.wad,2791772,22572
cstrike\de_piranesi.wad,2814344,22572
cstrike\de_piranesi.wad,2871992,87852
cstrike\de_piranesi.wad,2959844,87852
cstrike\de_piranesi.wad,3047696,87852
cstrike\de_piranesi.wad,3135548,87852
cstrike\de_piranesi.wad,3223400,87852
cstrike\de_piranesi.wad,3311252,87852
cstrike\de_piranesi.wad,3399104,87852
cstrike\de_piranesi.wad,3574808,87852
cstrike\de_piranesi.wad,3662660,87852
cstrike\de_piranesi.wad,3750512,87852
cstrike\de_piranesi.wad,3838364,87852
cstrike\de_piranesi.wad,3926216,44332
cstrike\de_piranesi.wad,3970548,44332
cstrike\de_piranesi.wad,4014880,87852
cstrike\de_piranesi.wad,4190584,6252
cstrike\de_piranesi.wad,4203088,22572
cstrike\de_piranesi.wad,4225660,22572
cstrike\de_piranesi.wad,4248232,22572
cstrike\de_piranesi.wad,4270804,22572
cstrike\de_piranesi.wad,4315948,22572
cstrike\de_piranesi.wad,4383664,6252
cstrike\de_piranesi.wad,4389916,6252
cstrike\de_piranesi.wad,4428524,22572
cstrike\de_piranesi.wad,4474480,1492
cstrike\de_piranesi.wad,4489288,44332
cstrike\de_piranesi.wad,4533620,87852
cstrike\de_piranesi.wad,4621472,87852
cstrike\de_piranesi.wad,4721016,3532
cstrike\de_piranesi.wad,4741396,11692
cstrike\de_piranesi.wad,4809924,11692
cstrike\de_piranesi.wad,4833308,44332
cstrike\de_piranesi.wad,4877640,44332
cstrike\de_piranesi.wad,4928224,44332
cstrike\de_piranesi.wad,4972556,44332
cstrike\de_piranesi.wad,5051152,11692
cstrike\de_piranesi.wad,5062844,44332
cstrike\de_piranesi.wad,5107176,44332
cstrike\de_piranesi.wad,5195840,32
valve\halflife.wad,22573104,6252
valve\halflife.wad,31179088,4892
valve\halflife.wad,33527400,2852
valve\models\ceilinggibs.mdl
