cstrike\cstrike.wad,2405732,22572
cstrike\cstrike.wad,2450876,22572
cstrike\maps\de_prodigy.bsp
cstrike\maps\de_prodigy.txt
cstrike\overviews\de_prodigy.bmp
cstrike\overviews\de_prodigy.txt
cstrike\prodigy.wad,0,12
valve\halflife.wad,2248988,11692
valve\halflife.wad,147092,3872
valve\halflife.wad,158708,8972
valve\halflife.wad,200036,11692
valve\halflife.wad,220700,8972
valve\halflife.wad,356432,6252
valve\halflife.wad,506308,2172
valve\halflife.wad,585712,2172
valve\halflife.wad,587884,2172
valve\halflife.wad,671368,3872
valve\halflife.wad,682984,8972
valve\halflife.wad,724312,11692
valve\halflife.wad,744976,8972
valve\halflife.wad,890452,2172
valve\halflife.wad,918368,3872
valve\halflife.wad,947928,11692
valve\halflife.wad,971312,11692
valve\halflife.wad,1107572,2172
valve\halflife.wad,1119660,3872
valve\halflife.wad,1195968,2172
valve\halflife.wad,1262076,3872
valve\halflife.wad,1562568,6252
valve\halflife.wad,1733144,3532
valve\halflife.wad,1868668,6252
valve\halflife.wad,1930376,28012
valve\halflife.wad,2108420,22572
valve\halflife.wad,2198972,8972
valve\halflife.wad,2248988,11692
valve\halflife.wad,2386156,6252
valve\halflife.wad,2598596,34812
valve\halflife.wad,2707584,25292
valve\halflife.wad,3402120,6252
valve\halflife.wad,3463828,28012
valve\halflife.wad,3641872,22572
valve\halflife.wad,3732424,8972
valve\halflife.wad,3782440,11692
valve\halflife.wad,3902476,6252
valve\halflife.wad,4114916,34812
valve\halflife.wad,4223904,25292
valve\halflife.wad,4918440,6252
valve\halflife.wad,5068924,22572
valve\halflife.wad,5159476,8972
valve\halflife.wad,5306144,6252
valve\halflife.wad,5499412,34812
valve\halflife.wad,6139492,6252
valve\halflife.wad,6194004,22572
valve\halflife.wad,6387592,34812
valve\halflife.wad,6756052,34812
valve\halflife.wad,7597612,2512
valve\halflife.wad,7748324,6252
valve\halflife.wad,7778224,4892
valve\halflife.wad,7980992,29372
valve\halflife.wad,8016616,29372
valve\halflife.wad,8045988,33452
valve\halflife.wad,8448128,10332
valve\halflife.wad,8934664,22572
valve\halflife.wad,8957236,22572
valve\halflife.wad,9470708,28012
valve\halflife.wad,9498720,28012
valve\halflife.wad,9612940,28012
valve\halflife.wad,10291460,25292
valve\halflife.wad,10625088,9312
valve\halflife.wad,10702564,8972
valve\halflife.wad,10727232,3872
valve\halflife.wad,10731104,22572
valve\halflife.wad,10753676,28012
valve\halflife.wad,10893736,28012
valve\halflife.wad,11141688,8972
valve\halflife.wad,11217280,17132
valve\halflife.wad,11234412,6252
valve\halflife.wad,11812216,33452
valve\halflife.wad,11879120,29372
valve\halflife.wad,11908492,29372
valve\halflife.wad,12066496,29372
valve\halflife.wad,12125240,22572
valve\halflife.wad,13377504,22572
valve\halflife.wad,13879828,3532
valve\halflife.wad,13893144,6252
valve\halflife.wad,13941404,28012
valve\halflife.wad,13969416,28012
valve\halflife.wad,14602296,28012
valve\halflife.wad,14658320,7612
valve\halflife.wad,14729568,28012
valve\halflife.wad,15024740,3532
valve\halflife.wad,15536000,6252
valve\halflife.wad,15648312,28012
valve\halflife.wad,15676324,28012
valve\halflife.wad,15732348,28012
valve\halflife.wad,15877300,44332
valve\halflife.wad,15921632,44332
valve\halflife.wad,16690912,55212
valve\halflife.wad,16746124,66092
valve\halflife.wad,19769532,4892
valve\halflife.wad,19794124,17132
valve\halflife.wad,19811256,17132
valve\halflife.wad,19895404,6252
valve\halflife.wad,20021580,2172
valve\halflife.wad,20227768,6252
valve\halflife.wad,20355172,3532
valve\halflife.wad,20745896,3872
valve\halflife.wad,20779404,22572
valve\halflife.wad,23590320,2852
valve\halflife.wad,23650668,8972
valve\halflife.wad,23913028,37532
valve\halflife.wad,24575864,3872
valve\halflife.wad,24603856,11692
valve\halflife.wad,24638648,3532
valve\halflife.wad,24683564,17132
valve\halflife.wad,24700696,8972
valve\halflife.wad,25451100,11692
valve\halflife.wad,26162552,2852
valve\halflife.wad,26243036,17132
valve\halflife.wad,26277300,17132
valve\halflife.wad,26906536,3532
valve\halflife.wad,28522908,22572
valve\halflife.wad,28590624,2172
valve\halflife.wad,29154032,55212
valve\halflife.wad,31022676,2172
valve\halflife.wad,31305696,3532
valve\halflife.wad,31858964,6932
valve\halflife.wad,33112548,2172
valve\halflife.wad,33647796,22572
valve\halflife.wad,33890988,22572
valve\halflife.wad,33948636,22572
valve\halflife.wad,33971208,22572
valve\halflife.wad,33993780,22572
valve\halflife.wad,34038924,22572
valve\halflife.wad,34141716,6252
valve\halflife.wad,34260828,11692
valve\halflife.wad,34320648,2172
valve\halflife.wad,34638412,22572
valve\halflife.wad,35074344,22572
valve\halflife.wad,35167332,3532
valve\halflife.wad,37408328,2172
valve\halflife.wad,37468544,2852
valve\halflife.wad,37483352,6252
valve\halflife.wad,37669704,3532
valve\halflife.wad,37753228,4892
valve\halflife.wad,37779708,2172
valve\models\cindergibs.mdl
valve\sound\ambience\industrial4.wav
valve\sound\ambience\wind1.wav
valve\sound\buttons\button11.wav
valve\sound\buttons\button3.wav
valve\sound\doors\doorstop5.wav
