cstrike\gfx\env\tornskyrt.tga
cstrike\gfx\env\tornskybk.tga
cstrike\gfx\env\tornskylf.tga
cstrike\gfx\env\tornskyft.tga
cstrike\gfx\env\tornskyup.tga
cstrike\gfx\env\tornskydn.tga
cstrike\maps\de_torn.bsp
cstrike\torntextures.wad,0,12
cstrike\torntextures.wad,6777876,32
cstrike\torntextures.wad,6782964,32
cstrike\torntextures.wad,1386332,41952
cstrike\torntextures.wad,465148,1152
cstrike\torntextures.wad,369892,87852
cstrike\torntextures.wad,480352,22572
cstrike\torntextures.wad,5535808,41952
cstrike\torntextures.wad,3986112,60652
cstrike\torntextures.wad,3863996,49772
cstrike\torntextures.wad,4134616,49772
cstrike\torntextures.wad,3319508,2172
cstrike\torntextures.wad,5847736,6252
cstrike\torntextures.wad,531748,3532
cstrike\torntextures.wad,127152,33452
cstrike\torntextures.wad,5025848,25292
cstrike\torntextures.wad,3277896,41612
cstrike\torntextures.wad,3271644,6252
cstrike\torntextures.wad,1709784,66092
cstrike\torntextures.wad,1534080,87852
cstrike\torntextures.wad,2893300,306812
cstrike\torntextures.wad,4325204,14072
cstrike\torntextures.wad,4612088,5912
cstrike\torntextures.wad,2050028,96012
cstrike\torntextures.wad,2264076,68812
cstrike\torntextures.wad,1465268,68812
cstrike\torntextures.wad,5170668,96012
cstrike\torntextures.wad,5266680,96012
cstrike\torntextures.wad,3501728,68812
cstrike\torntextures.wad,3432916,68812
cstrike\torntextures.wad,3570540,68812
cstrike\torntextures.wad,3364104,68812
cstrike\torntextures.wad,5671788,22572
cstrike\torntextures.wad,5694360,22572
cstrike\torntextures.wad,6495960,33452
cstrike\torntextures.wad,9324,55212
cstrike\torntextures.wad,3200112,71532
cstrike\torntextures.wad,4982744,25292
cstrike\torntextures.wad,2146040,21212
cstrike\torntextures.wad,4945212,37532
cstrike\torntextures.wad,755748,17812
cstrike\torntextures.wad,773560,17812
cstrike\torntextures.wad,5099136,71532
cstrike\torntextures.wad,6457276,9312
cstrike\torntextures.wad,5973912,6252
cstrike\torntextures.wad,6369424,87852
cstrike\torntextures.wad,6092552,22572
cstrike\torntextures.wad,6115124,22572
cstrike\torntextures.wad,194056,33452
cstrike\torntextures.wad,1237980,1152
cstrike\torntextures.wad,1621932,87852
cstrike\torntextures.wad,238520,131372
cstrike\torntextures.wad,1775876,55212
cstrike\torntextures.wad,1831088,55212
cstrike\torntextures.wad,1886300,66092
cstrike\torntextures.wad,5577760,49432
cstrike\torntextures.wad,5716932,22572
cstrike\torntextures.wad,3729508,87852
cstrike\torntextures.wad,3641656,87852
cstrike\torntextures.wad,5882812,22572
cstrike\torntextures.wad,726584,11692
cstrike\torntextures.wad,717480,2852
cstrike\torntextures.wad,3963540,22572
cstrike\torntextures.wad,80648,21212
cstrike\torntextures.wad,6137696,66092
cstrike\torntextures.wad,5830604,17132
cstrike\torntextures.wad,5762076,25292
cstrike\torntextures.wad,6036528,21212
cstrike\torntextures.wad,2176224,87852
cstrike\torntextures.wad,791372,240172
cstrike\torntextures.wad,5362692,24612
cstrike\torntextures.wad,2332888,55212
cstrike\torntextures.wad,2388100,55212
cstrike\torntextures.wad,2443312,68812
cstrike\torntextures.wad,1282708,68812
cstrike\torntextures.wad,1169168,68812
cstrike\torntextures.wad,1100356,68812
cstrike\torntextures.wad,1240284,21212
cstrike\torntextures.wad,6335972,33452
cstrike\torntextures.wad,5994576,41952
cstrike\torntextures.wad,6203788,44332
cstrike\torntextures.wad,4272240,41952
cstrike\torntextures.wad,4184388,87852
cstrike\torntextures.wad,6248120,87852
cstrike\torntextures.wad,4046764,87852
cstrike\torntextures.wad,6542464,235412
cstrike\torntextures.wad,669352,2172
cstrike\torntextures.wad,602448,11692
cstrike\torntextures.wad,589396,13052
cstrike\torntextures.wad,614140,55212
cstrike\torntextures.wad,5627192,13052
cstrike\torntextures.wad,2824488,68812
cstrike\torntextures.wad,2649748,68812
cstrike\torntextures.wad,2718560,21212
cstrike\torntextures.wad,1031544,68812
cstrike\torntextures.wad,2512124,68812
cstrike\torntextures.wad,2580936,68812
cstrike\torntextures.wad,5927956,14412
cstrike\torntextures.wad,2791036,33452
cstrike\torntextures.wad,2757584,33452
cstrike\torntextures.wad,5461556,74252
cstrike\torntextures.wad,5387304,74252
cstrike\torntextures.wad,4339276,272812
cstrike\torntextures.wad,4618000,327212
cstrike\torntextures.wad,1952392,33452
cstrike\torntextures.wad,1985844,55212
cstrike\maps\de_torn.txt
cstrike\sound\de_torn\torn_templewind.wav
cstrike\sound\de_torn\tk_windstreet.wav
cstrike\sound\de_torn\tk_steam.wav
cstrike\sound\de_torn\torn_ambience.wav
cstrike\sound\de_torn\torn_water1.wav
cstrike\sound\de_torn\torn_water2.wav
cstrike\sound\de_torn\torn_thndrstrike.wav
cstrike\sound\de_torn\torn_ak-47.wav
cstrike\sound\de_torn\torn_bomb2.wav
cstrike\sound\de_torn\torn_bomb1.wav
cstrike\sound\de_torn\torn_mgun1.wav
cstrike\overviews\de_torn.txt
cstrike\overviews\de_torn.bmp
valve\sprites\glow04.spr
valve\sprites\xffloor.spr
valve\sprites\xsmoke1.spr
valve\sprites\xssmke1.spr

