cstrike\cs_bdog.wad,87864,44332
cstrike\cs_bdog.wad,319592,87852
cstrike\cs_bdog.wad,407444,87852
cstrike\cs_bdog.wad,737904,33452
cstrike\cs_bdog.wad,771356,22572
cstrike\cs_bdog.wad,969632,22572
cstrike\cs_bdog.wad,1366184,44332
cstrike\cs_bdog.wad,1763548,22572
cstrike\cs_bdog.wad,1786120,22572
cstrike\cs_bdog.wad,1919116,87852
cstrike\cs_bdog.wad,2006968,44332
cstrike\cs_bdog.wad,2051300,44332
cstrike\cs_bdog.wad,2095632,87852
cstrike\cs_bdog.wad,2894988,87852
cstrike\cs_bdog.wad,3773508,44332
cstrike\cs_bdog.wad,3817840,44332
cstrike\cs_bdog.wad,3910168,44332
cstrike\cs_bdog.wad,3954500,44332
cstrike\cs_bdog.wad,4086684,33452
cstrike\cs_bdog.wad,4120136,19172
cstrike\cs_bdog.wad,4139308,19852
cstrike\cs_bdog.wad,4164052,19852
cstrike\cs_bdog.wad,4228236,4892
cstrike\cs_bdog.wad,4388696,22572
cstrike\cs_bdog.wad,4417520,6252
cstrike\cs_bdog.wad,4481136,22572
cstrike\cs_bdog.wad,4526280,22572
cstrike\cs_bdog.wad,4768888,22572
cstrike\cs_bdog.wad,4791460,13052
cstrike\cs_bdog.wad,4804512,17132
cstrike\cs_bdog.wad,4845028,6252
cstrike\cs_bdog.wad,4862972,22572
cstrike\cs_bdog.wad,5061248,22572
cstrike\cs_bdog.wad,5171672,22572
cstrike\cs_bdog.wad,5425972,22572
cstrike\cs_bdog.wad,5536396,44332
cstrike\cs_bdog.wad,5593232,22572
cstrike\decals.wad,795628,1152
cstrike\gfx\env\trainyardbk.tga
cstrike\gfx\env\trainyarddn.tga
cstrike\gfx\env\trainyardft.tga
cstrike\gfx\env\trainyardlf.tga
cstrike\gfx\env\trainyardrt.tga
cstrike\gfx\env\trainyardup.tga
cstrike\maps\de_train.bsp
cstrike\maps\de_train.txt
cstrike\overviews\de_train.bmp
cstrike\overviews\de_train.txt
cstrike\sound\ambience\dog6.wav
cstrike\sound\ambience\dog7.wav
cstrike\sound\radio\ctwin.wav
valve\halflife.wad,457464,2172
valve\halflife.wad,1862416,6252
valve\halflife.wad,3395868,6252
valve\halflife.wad,4912188,6252
valve\halflife.wad,6133240,6252
valve\halflife.wad,9925152,38212
valve\halflife.wad,20116476,9312
valve\halflife.wad,20205196,22572
valve\halflife.wad,20635456,4892
valve\halflife.wad,20690364,6252
valve\halflife.wad,22951324,2172
valve\halflife.wad,26121244,2172
valve\halflife.wad,27772732,2172
valve\halflife.wad,28117728,5912
valve\halflife.wad,29452284,17132
valve\halflife.wad,29486548,17132
valve\halflife.wad,35918308,6252
valve\halflife.wad,35999132,4892
valve\halflife.wad,36004024,11012
valve\halflife.wad,36038684,6932
valve\halflife.wad,36078972,4892
valve\halflife.wad,37471396,2852
valve\halflife.wad,37788396,1832
valve\sound\ambience\boomer.wav
valve\sound\ambience\flies.wav
valve\sound\ambience\jetflyby1.wav
valve\sound\ambience\tankidle1.wav
valve\sound\ambience\wren1.wav
