cstrike\maps\de_vegas.bsp
valve\halflife.wad,0,12
valve\halflife.wad,37814384,32
valve\halflife.wad,37847024,32
valve\halflife.wad,37879792,32
valve\halflife.wad,37912560,32
cstrike\cs_bdog.wad,0,12
cstrike\cs_bdog.wad,5828036,32
valve\halflife.wad,113132,3532
valve\halflife.wad,128752,3872
valve\halflife.wad,479128,2172
valve\halflife.wad,521644,1152
valve\halflife.wad,620880,2852
valve\halflife.wad,656560,3872
valve\halflife.wad,910624,3872
valve\halflife.wad,1111916,3872
valve\halflife.wad,1198140,3872
valve\halflife.wad,1258204,3872
valve\halflife.wad,1289596,3872
valve\halflife.wad,1316908,3872
valve\halflife.wad,1399052,3532
valve\halflife.wad,1404756,4892
valve\halflife.wad,1635664,2172
valve\halflife.wad,1637836,7612
valve\halflife.wad,1678180,1152
valve\halflife.wad,1752692,2852
valve\halflife.wad,2311320,7612
valve\halflife.wad,2903100,22572
valve\halflife.wad,3827640,7612
valve\halflife.wad,4419420,22572
valve\halflife.wad,5231308,7612
valve\halflife.wad,5778624,22572
valve\halflife.wad,6298212,7612
valve\halflife.wad,6584544,22572
valve\halflife.wad,6929148,1152
valve\halflife.wad,7420364,2172
valve\halflife.wad,7500848,2172
valve\halflife.wad,7595100,2512
valve\halflife.wad,7860180,2172
valve\halflife.wad,10428364,6932
valve\halflife.wad,10491320,6252
valve\halflife.wad,10625088,9312
valve\halflife.wad,11141688,8972
valve\halflife.wad,12147812,11692
valve\halflife.wad,12176636,17132
valve\halflife.wad,14277792,3532
valve\halflife.wad,14370572,3532
valve\halflife.wad,15167216,17132
valve\halflife.wad,15253972,22572
valve\halflife.wad,18423004,11692
valve\halflife.wad,19517864,8972
valve\halflife.wad,19644852,2172
valve\halflife.wad,19663588,1152
valve\halflife.wad,19716796,11692
valve\halflife.wad,20021580,2172
valve\halflife.wad,20355172,3532
valve\halflife.wad,20509868,6252
valve\halflife.wad,20640348,7612
valve\halflife.wad,20732032,11692
valve\halflife.wad,20749768,25292
valve\halflife.wad,20805300,3532
valve\halflife.wad,20850688,3872
valve\halflife.wad,20873504,7612
valve\halflife.wad,21219448,8972
valve\halflife.wad,21247100,8972
valve\halflife.wad,21278096,1152
valve\halflife.wad,21436984,2172
valve\halflife.wad,21549764,4892
valve\halflife.wad,21563760,4212
valve\halflife.wad,22005524,2172
valve\halflife.wad,22030588,8972
valve\halflife.wad,22096376,2172
valve\halflife.wad,22174820,2172
valve\halflife.wad,22585608,6252
valve\halflife.wad,22689192,6252
valve\halflife.wad,23141400,3872
valve\halflife.wad,23518488,2172
valve\halflife.wad,23666572,8972
valve\halflife.wad,23733456,22572
valve\halflife.wad,23897804,7612
valve\halflife.wad,24201344,22572
valve\halflife.wad,24446216,2512
valve\halflife.wad,24624520,3532
valve\halflife.wad,24645712,3532
valve\halflife.wad,25017948,6252
valve\halflife.wad,25118548,2852
valve\halflife.wad,25388504,2172
valve\halflife.wad,26125588,2172
valve\halflife.wad,26162552,2852
valve\halflife.wad,26894032,6252
valve\halflife.wad,27945504,1152
valve\halflife.wad,28117728,5912
valve\halflife.wad,28204992,13052
valve\halflife.wad,29452284,17132
valve\halflife.wad,30059324,2172
valve\halflife.wad,30581100,2172
valve\halflife.wad,30609432,1152
valve\halflife.wad,31067780,4892
valve\halflife.wad,31869692,4212
valve\halflife.wad,32937640,8972
valve\halflife.wad,32973528,1152
valve\halflife.wad,33993780,22572
valve\halflife.wad,34141716,6252
valve\halflife.wad,37083048,4892
valve\halflife.wad,37097724,2172
valve\halflife.wad,37292448,8972
valve\halflife.wad,37330244,6252
valve\halflife.wad,37402152,1152
valve\halflife.wad,37673236,1152
valve\halflife.wad,37698584,8972
valve\halflife.wad,37779708,2172
valve\halflife.wad,23755984,1024
cstrike\cs_bdog.wad,319592,87852
cstrike\cs_bdog.wad,969632,22572
cstrike\cs_bdog.wad,2894988,87852
cstrike\cs_bdog.wad,1498368,87852
cstrike\cs_bdog.wad,12,87852
cstrike\cs_bdog.wad,5636468,11692
cstrike\cs_bdog.wad,1831264,87852
cstrike\cs_bdog.wad,3906296,3872
cstrike\cs_bdog.wad,5672224,13052
cstrike\maps\de_vegas.txt
cstrike\overviews\de_vegas.txt
cstrike\overviews\de_vegas.bmp
cstrike\sound\ambience\lv5.wav
valve\models\uplant1.mdl