cstrike\gfx\env\tsccity_rt.tga
cstrike\gfx\env\tsccity_bk.tga
cstrike\gfx\env\tsccity_lf.tga
cstrike\gfx\env\tsccity_ft.tga
cstrike\gfx\env\tsccity_up.tga
cstrike\gfx\env\tsccity_dn.tga
cstrike\maps\de_vertigo.bsp
valve\halflife.wad,0,12
valve\halflife.wad,37814384,32
valve\halflife.wad,37847024,32
valve\halflife.wad,37879792,32
valve\halflife.wad,37912560,32
cstrike\cstrike.wad,0,12
cstrike\cstrike.wad,2677428,32
valve\halflife.wad,118836,4892
valve\halflife.wad,479128,2172
valve\halflife.wad,1404756,4892
valve\halflife.wad,1635664,2172
valve\halflife.wad,2550676,6252
valve\halflife.wad,4066996,6252
valve\halflife.wad,5451492,6252
valve\halflife.wad,6381340,6252
valve\halflife.wad,6749800,6252
valve\halflife.wad,6929148,1152
valve\halflife.wad,7860180,2172
valve\halflife.wad,11158272,7612
valve\halflife.wad,19663588,1152
valve\halflife.wad,20696616,3872
valve\halflife.wad,21436984,2172
valve\halflife.wad,23258960,2172
valve\halflife.wad,23305992,13052
valve\halflife.wad,23493744,22572
valve\halflife.wad,27764308,6252
valve\halflife.wad,27945504,1152
valve\halflife.wad,32973528,1152
valve\halflife.wad,33112548,2172
valve\halflife.wad,36179856,22572
valve\halflife.wad,36202428,6252
valve\halflife.wad,37165988,6252
valve\halflife.wad,37342748,6252
valve\halflife.wad,37493136,4892
valve\halflife.wad,37526436,6252
cstrike\cstrike.wad,1597332,22572
cstrike\cstrike.wad,1788088,6252
cstrike\maps\de_vertigo.txt
cstrike\overviews\de_vertigo.txt
cstrike\overviews\de_vertigo.bmp
valve\sprites\flare2.spr