@reslists\cstrike\multiplayer_preloads.lst
@reslists\cstrike\de_dust.lst
@reslists\cstrike\de_dust2.lst
@reslists\cstrike\de_chateau.lst
@reslists\cstrike\cs_italy.lst
@reslists\cstrike\de_aztec.lst
@reslists\cstrike\de_cbble.lst
@reslists\cstrike\de_piranesi.lst
@reslists\cstrike\de_train.lst
@reslists\cstrike\cs_havana.lst
@reslists\cstrike\de_inferno.lst
@reslists\cstrike\cs_siege.lst
@reslists\cstrike\cs_747.lst
@reslists\cstrike\cs_assault.lst
@reslists\cstrike\cs_backalley.lst
@reslists\cstrike\cs_estate.lst
@reslists\cstrike\cs_militia.lst
@reslists\cstrike\cs_office.lst
@reslists\cstrike\de_nuke.lst
@reslists\cstrike\de_prodigy.lst
@reslists\cstrike\de_storm.lst
@reslists\cstrike\de_torn.lst
@reslists\cstrike\de_vertigo.lst
@reslists\cstrike\de_survivor.lst
@reslists\cstrike\as_oilrig.lst
