cstrike\config.cfg
cstrike\settings.scr
cstrike\user.scr
cstrike\kb_act.lst

valve\gfx\vgui\mouse.tga

valve\hw\geforce.cfg
valve\hw\3Dfx.cfg
valve\hw\3DfxVoodoo1.cfg
valve\hw\3DfxVoodoo2.cfg
valve\hw\3Dlabs.cfg
valve\hw\ATIRage128.cfg
valve\hw\ATIRage128d3d.cfg
valve\hw\d3d.cfg
valve\hw\geforce.cfg
valve\hw\matrox.cfg
valve\hw\nvidiad3d.cfg
valve\hw\pcx2.cfg
valve\hw\PowerVRSG.cfg
valve\hw\riva128.cfg
valve\hw\rivatnt.cfg
valve\hw\rivatntd3d.cfg
valve\valve.rc
valve\language.cfg

valve\gfx\palette.lmp
cstrike\decals.wad,0,12
cstrike\cached.wad,0,12
cstrike\cached.wad,129572,64
cstrike\sound\player\geiger1.wav
